<?xml version="1.0" encoding="UTF-8"?>
<!-- Generated by org.testng.reporters.JUnitXMLReporter -->
<testsuite hostname="asda0079" name="Default test" tests="6" failures="0" timestamp="5 Jul 2016 12:58:25 GMT" time="50.168" errors="0">
  <testcase name="case1" time="6.428" classname="com.qait.automation.GitHubAutomation.TestNgClass"/>
  <testcase name="case2" time="4.133" classname="com.qait.automation.GitHubAutomation.TestNgClass"/>
  <testcase name="case3" time="4.471" classname="com.qait.automation.GitHubAutomation.TestNgClass"/>
  <testcase name="case4" time="12.2" classname="com.qait.automation.GitHubAutomation.TestNgClass"/>
  <testcase name="case5" time="15.85" classname="com.qait.automation.GitHubAutomation.TestNgClass"/>
  <testcase name="case6" time="3.499" classname="com.qait.automation.GitHubAutomation.TestNgClass"/>
</testsuite> <!-- Default test -->
