<?xml version="1.0" encoding="UTF-8"?>
<testng-results skipped="0" failed="0" total="6" passed="6">
  <reporter-output>
  </reporter-output>
  <suite name="Default suite" duration-ms="50168" started-at="2016-07-05T12:57:35Z" finished-at="2016-07-05T12:58:25Z">
    <groups>
    </groups>
    <test name="Default test" duration-ms="50168" started-at="2016-07-05T12:57:35Z" finished-at="2016-07-05T12:58:25Z">
      <class name="com.qait.automation.GitHubAutomation.TestNgClass">
        <test-method status="PASS" signature="initialize()[pri:0, instance:com.qait.automation.GitHubAutomation.TestNgClass@735b5592]" name="initialize" is-config="true" duration-ms="3521" started-at="2016-07-05T18:27:35Z" finished-at="2016-07-05T18:27:38Z">
          <reporter-output>
          </reporter-output>
        </test-method> <!-- initialize -->
        <test-method status="PASS" signature="case1()[pri:0, instance:com.qait.automation.GitHubAutomation.TestNgClass@735b5592]" name="case1" duration-ms="6428" started-at="2016-07-05T18:27:38Z" finished-at="2016-07-05T18:27:45Z">
          <reporter-output>
          </reporter-output>
        </test-method> <!-- case1 -->
        <test-method status="PASS" signature="case2()[pri:0, instance:com.qait.automation.GitHubAutomation.TestNgClass@735b5592]" name="case2" duration-ms="4133" started-at="2016-07-05T18:27:45Z" finished-at="2016-07-05T18:27:49Z">
          <reporter-output>
          </reporter-output>
        </test-method> <!-- case2 -->
        <test-method status="PASS" signature="case3()[pri:0, instance:com.qait.automation.GitHubAutomation.TestNgClass@735b5592]" name="case3" duration-ms="4471" started-at="2016-07-05T18:27:49Z" finished-at="2016-07-05T18:27:53Z">
          <reporter-output>
          </reporter-output>
        </test-method> <!-- case3 -->
        <test-method status="PASS" signature="case4()[pri:0, instance:com.qait.automation.GitHubAutomation.TestNgClass@735b5592]" name="case4" duration-ms="12200" started-at="2016-07-05T18:27:53Z" finished-at="2016-07-05T18:28:05Z">
          <reporter-output>
          </reporter-output>
        </test-method> <!-- case4 -->
        <test-method status="PASS" signature="case5()[pri:0, instance:com.qait.automation.GitHubAutomation.TestNgClass@735b5592]" name="case5" duration-ms="15850" started-at="2016-07-05T18:28:05Z" finished-at="2016-07-05T18:28:21Z">
          <reporter-output>
          </reporter-output>
        </test-method> <!-- case5 -->
        <test-method status="PASS" signature="case6()[pri:0, instance:com.qait.automation.GitHubAutomation.TestNgClass@735b5592]" name="case6" duration-ms="3499" started-at="2016-07-05T18:28:21Z" finished-at="2016-07-05T18:28:25Z">
          <reporter-output>
          </reporter-output>
        </test-method> <!-- case6 -->
      </class> <!-- com.qait.automation.GitHubAutomation.TestNgClass -->
    </test> <!-- Default test -->
  </suite> <!-- Default suite -->
</testng-results>
